<?xml version="1.0" encoding="UTF-8"?>
<!-- Generated by org.testng.reporters.JUnitReportReporter -->
<testsuite hostname="DESKTOP-GCJHTDH" failures="0" tests="1" name="testcases.Goals" time="21.274" errors="0" timestamp="2024-01-20T10:31:15 IST" skipped="0">
  <testcase classname="testcases.Goals" name="addgoals" time="21.274"/>
</testsuite> <!-- testcases.Goals -->
