<?xml version="1.0" encoding="UTF-8"?>
<!-- Generated by org.testng.reporters.JUnitReportReporter -->
<testsuite hostname="DESKTOP-GCJHTDH" failures="0" tests="1" name="testcases.DashboardTaxes" time="15.144" errors="0" timestamp="2024-01-31T12:52:22 IST" skipped="0">
  <testcase classname="testcases.DashboardTaxes" name="taskadd" time="15.144"/>
</testsuite> <!-- testcases.DashboardTaxes -->
