<?xml version="1.0" encoding="UTF-8"?>
<!-- Generated by org.testng.reporters.JUnitReportReporter -->
<testsuite hostname="DESKTOP-GCJHTDH" failures="0" tests="1" name="testcases.Currency" time="11.828" errors="0" timestamp="2024-01-23T18:10:35 IST" skipped="0">
  <testcase classname="testcases.Currency" name="currencies" time="11.828"/>
</testsuite> <!-- testcases.Currency -->
