<?xml version="1.0" encoding="UTF-8"?>
<!-- Generated by org.testng.reporters.JUnitReportReporter -->
<testsuite hostname="DESKTOP-GCJHTDH" failures="0" tests="1" name="testcases.DashboardLeads" time="11.963" errors="0" timestamp="2024-01-31T13:24:25 IST" skipped="0">
  <testcase classname="testcases.DashboardLeads" name="leadsadd" time="11.963"/>
</testsuite> <!-- testcases.DashboardLeads -->
