<?xml version="1.0" encoding="UTF-8"?>
<!-- Generated by org.testng.reporters.JUnitReportReporter -->
<testsuite hostname="DESKTOP-GCJHTDH" failures="0" tests="1" name="testcases.Users" time="19.328" errors="0" timestamp="2024-02-09T12:37:09 IST" skipped="0">
  <testcase classname="testcases.Users" name="Adduser" time="19.328"/>
</testsuite> <!-- testcases.Users -->
