<?xml version="1.0" encoding="UTF-8"?>
<!-- Generated by org.testng.reporters.JUnitReportReporter -->
<testsuite hostname="DESKTOP-GCJHTDH" failures="0" tests="1" name="testcases.Companydetails" time="25.955" errors="0" timestamp="2024-02-01T18:15:30 IST" skipped="0">
  <testcase classname="testcases.Companydetails" name="companyprofile" time="25.955"/>
</testsuite> <!-- testcases.Companydetails -->
