<?xml version="1.0" encoding="UTF-8"?>
<!-- Generated by org.testng.reporters.JUnitReportReporter -->
<testsuite hostname="DESKTOP-GCJHTDH" failures="0" tests="1" name="testcases.Calllogs" time="19.343" errors="0" timestamp="2024-02-01T18:12:02 IST" skipped="0">
  <testcase classname="testcases.Calllogs" name="callslogs" time="19.343"/>
</testsuite> <!-- testcases.Calllogs -->
