<?xml version="1.0" encoding="UTF-8"?>
<!-- Generated by org.testng.reporters.JUnitReportReporter -->
<testsuite hostname="DESKTOP-GCJHTDH" failures="0" tests="1" name="testcases.Product" time="14.679" errors="0" timestamp="2024-02-09T13:08:58 IST" skipped="0">
  <testcase classname="testcases.Product" name="addproduct" time="14.679"/>
</testsuite> <!-- testcases.Product -->
