<?xml version="1.0" encoding="UTF-8"?>
<!-- Generated by org.testng.reporters.JUnitReportReporter -->
<testsuite hostname="DESKTOP-GCJHTDH" failures="0" tests="1" name="testcases.Pipeline" time="20.437" errors="0" timestamp="2024-02-09T13:09:34 IST" skipped="0">
  <testcase classname="testcases.Pipeline" name="addpipeline" time="20.437"/>
</testsuite> <!-- testcases.Pipeline -->
