<?xml version="1.0" encoding="UTF-8"?>
<!-- Generated by org.testng.reporters.JUnitReportReporter -->
<testsuite hostname="DESKTOP-GCJHTDH" failures="0" tests="1" name="testcases.CustomisationCompany" time="31.694" errors="0" timestamp="2024-01-29T16:47:32 IST" skipped="0">
  <testcase classname="testcases.CustomisationCompany" name="companyaddlayout" time="31.694"/>
</testsuite> <!-- testcases.CustomisationCompany -->
