<?xml version="1.0" encoding="UTF-8"?>
<!-- Generated by org.testng.reporters.JUnitReportReporter -->
<testsuite hostname="DESKTOP-GCJHTDH" failures="0" tests="1" name="testcases.Meeetings" time="18.075" errors="0" timestamp="2024-01-31T12:45:51 IST" skipped="0">
  <testcase classname="testcases.Meeetings" name="meeting" time="18.075"/>
</testsuite> <!-- testcases.Meeetings -->
