<?xml version="1.0" encoding="UTF-8"?>
<!-- Generated by org.testng.reporters.JUnitReportReporter -->
<testsuite hostname="DESKTOP-GCJHTDH" failures="0" tests="1" name="testcases.CustomisationDeals" time="29.470" errors="0" timestamp="2024-01-24T10:46:01 IST" skipped="0">
  <testcase classname="testcases.CustomisationDeals" name="dealsaddlayout" time="29.470"/>
</testsuite> <!-- testcases.CustomisationDeals -->
