<?xml version="1.0" encoding="UTF-8"?>
<!-- Generated by org.testng.reporters.JUnitReportReporter -->
<testsuite hostname="DESKTOP-GCJHTDH" failures="0" tests="1" name="testcases.CustomisationContacts" time="43.278" errors="0" timestamp="2024-01-29T10:55:37 IST" skipped="0">
  <testcase classname="testcases.CustomisationContacts" name="contactsaddlayout" time="43.278"/>
</testsuite> <!-- testcases.CustomisationContacts -->
