<?xml version="1.0" encoding="UTF-8"?>
<!-- Generated by org.testng.reporters.JUnitReportReporter -->
<testsuite hostname="DESKTOP-GCJHTDH" failures="0" tests="1" name="testcases.DashboardDeals" time="9.010" errors="0" timestamp="2024-02-01T10:37:46 IST" skipped="0">
  <testcase classname="testcases.DashboardDeals" name="Ddeals" time="9.010"/>
</testsuite> <!-- testcases.DashboardDeals -->
